<?xml version="1.0" encoding="UTF-8"?>
<testsuite xmlns:xsi="http://www.w3.org/2001/XMLSchema-instance" xsi:noNamespaceSchemaLocation="https://maven.apache.org/surefire/maven-surefire-plugin/xsd/surefire-test-report-3.0.xsd" version="3.0" name="controller.StationControllerTest" time="0.366" tests="7" errors="0" skipped="0" failures="0">
  <properties>
[...]
</properties>
  <testcase name="testSearchByLatitude" classname="controller.StationControllerTest" time="0.254">
    <system-out><![CDATA[== ControllerTest: searchByLatitude ==
Encontradas: 2
  -> StationRecord[name=Lisbon Oriente, country=PT, tzGroup=WET/GMT, lat=38,713870, lon=-9,122271]
  -> StationRecord[name=Lisbon Santa Apolonia, country=PT, tzGroup=WET/GMT, lat=38,713870, lon=-9,122271]
]]></system-out>
  </testcase>
  <testcase name="testLoadCsv" classname="controller.StationControllerTest" time="0.007">
    <system-out><![CDATA[== ControllerTest: loadStations ==
Total carregado: 4
]]></system-out>
  </testcase>
  <testcase name="testSearchByLongitude" classname="controller.StationControllerTest" time="0.008">
    <system-out><![CDATA[== ControllerTest: searchByLongitude ==
Total: 2
 * StationRecord[name=Montallegro, country=IT, tzGroup=CET, lat=37,391188, lon=13,350360]
 * StationRecord[name=SPalma di Montechiaro, country=IT, tzGroup=CET, lat=37,192768, lon=13,350360]
]]></system-out>
  </testcase>
  <testcase name="testSearchByTimeZoneGroup" classname="controller.StationControllerTest" time="0.01">
    <system-out><![CDATA[== ControllerTest: searchByTZGroup ==
WET/GMT encontrados: 3
 - StationRecord[name=Lisbon, country=PT, tzGroup=WET/GMT, lat=38,713870, lon=-9,122271]
 - StationRecord[name=Lisbon Oriente, country=PT, tzGroup=WET/GMT, lat=38,713870, lon=-9,122271]
 - StationRecord[name=Lisbon Santa Apolonia, country=PT, tzGroup=WET/GMT, lat=38,713870, lon=-9,122271]
]]></system-out>
  </testcase>
  <testcase name="testSearchByLatitudeZero" classname="controller.StationControllerTest" time="0.007">
    <system-out><![CDATA[== ControllerTest: searchByLatitude(0.0) ==
Resultado: 0
]]></system-out>
  </testcase>
  <testcase name="testSearchByTimeZoneGroupNoExist" classname="controller.StationControllerTest" time="0.009">
    <system-out><![CDATA[== ControllerTest: searchByTZGroup inexistente ==
Resultado: 0
]]></system-out>
  </testcase>
  <testcase name="testSearchByTimeZoneWindow" classname="controller.StationControllerTest" time="0.009">
    <system-out><![CDATA[== ControllerTest: searchByTZWindow ==
Janela: 3
 • StationRecord[name=Madrid Atocha, country=ES, tzGroup=CET, lat=40,406900, lon=-3,690200]
 • StationRecord[name=Chateau-Arnoux-St-Auban, country=FR, tzGroup=CET, lat=44,081790, lon=6,001625]
 • StationRecord[name=AAA-Lisbon, country=PT, tzGroup=WET/GMT, lat=38,713900, lon=-9,125200]
]]></system-out>
  </testcase>
</testsuite>